<?xml version="1.0" encoding="UTF-8"?>
<!-- Generated by org.testng.reporters.JUnitReportReporter -->
<testsuite hostname="macyeay.local" failures="0" tests="3" name="com.testorangehrm.runner.Runner" time="22.646" errors="0" timestamp="2024-12-05T10:25:24 WIB" skipped="0">
  <testcase classname="com.testorangehrm.runner.Runner" name="runScenario" time="6.802"/>
  <testcase classname="com.testorangehrm.runner.Runner" name="runScenario" time="6.367"/>
  <testcase classname="com.testorangehrm.runner.Runner" name="runScenario" time="9.477"/>
</testsuite> <!-- com.testorangehrm.runner.Runner -->
