<?xml version="1.0" encoding="UTF-8"?>
<!-- Generated by org.testng.reporters.JUnitReportReporter -->
<testsuite hostname="macyeay.local" failures="0" tests="1" name="com.testorangehrm.runner.Runner" time="17.359" errors="0" timestamp="2024-12-04T23:21:22 WIB" skipped="0">
  <testcase classname="com.testorangehrm.runner.Runner" name="runScenario" time="17.359"/>
</testsuite> <!-- com.testorangehrm.runner.Runner -->
